#
# There is insufficient memory for the Java Runtime Environment to continue.
# Native memory allocation (mmap) failed to map 266338304 bytes for Failed to commit area from 0x0000000703a00000 to 0x0000000713800000 of length 266338304.
# Possible reasons:
#   The system is out of physical RAM or swap space
#   The process is running with CompressedOops enabled, and the Java Heap may be blocking the growth of the native heap
# Possible solutions:
#   Reduce memory load on the system
#   Increase physical memory or swap space
#   Check if swap backing store is full
#   Decrease Java heap size (-Xmx/-Xms)
#   Decrease number of Java threads
#   Decrease Java thread stack sizes (-Xss)
#   Set larger code cache with -XX:ReservedCodeCacheSize=
# This output file may be truncated or incomplete.
#
#  Out of Memory Error (./open/src/hotspot/os/windows/os_windows.cpp:3283), pid=11852, tid=18872
#
# JRE version:  (11.0.17+10) (build )
# Java VM: Java HotSpot(TM) 64-Bit Server VM (11.0.17+10-LTS-269, mixed mode, sharing, tiered, compressed oops, g1 gc, windows-amd64)
# No core dump will be written. Minidumps are not enabled by default on client versions of Windows
#

---------------  S U M M A R Y ------------

Command Line: -Dcom.sun.management.jmxremote -Dcom.sun.management.jmxremote.port=65423 -Dcom.sun.management.jmxremote.authenticate=false -Dcom.sun.management.jmxremote.ssl=false -Djava.rmi.server.hostname=localhost -Dspring.jmx.enabled=true -Dspring.liveBeansView.mbeanDomain -Dspring.application.admin.enabled=true -XX:TieredStopAtLevel=1 -Dspring.boot.project.name=Farmers -Dfile.encoding=UTF-8 com.yedam.app.FarmersApplication --spring.output.ansi.enabled=always

Host: 11th Gen Intel(R) Core(TM) i7-11700 @ 2.50GHz, 16 cores, 15G,  Windows 10 , 64 bit Build 19041 (10.0.19041.3155)
Time: Fri Jul 28 12:33:47 2023  Windows 10 , 64 bit Build 19041 (10.0.19041.3155) elapsed time: 0.009014 seconds (0d 0h 0m 0s)

---------------  T H R E A D  ---------------

Current thread (0x000002a32d478000):  JavaThread "Unknown thread" [_thread_in_vm, id=18872, stack(0x000000c879900000,0x000000c879a00000)]

Stack: [0x000000c879900000,0x000000c879a00000]
Native frames: (J=compiled Java code, j=interpreted, Vv=VM code, C=native code)
V  [jvm.dll+0x62b5da]
V  [jvm.dll+0x7653df]
V  [jvm.dll+0x766a89]
V  [jvm.dll+0x767113]
V  [jvm.dll+0x23dd28]
V  [jvm.dll+0x62896a]
V  [jvm.dll+0x61d625]
V  [jvm.dll+0x2f2d3c]
V  [jvm.dll+0x2f2bc2]
V  [jvm.dll+0x2f78e6]
V  [jvm.dll+0x33a2df]
V  [jvm.dll+0x339d10]
V  [jvm.dll+0x2d0368]
V  [jvm.dll+0x2d14d6]
V  [jvm.dll+0x73f9a7]
V  [jvm.dll+0x74123f]
V  [jvm.dll+0x347039]
V  [jvm.dll+0x725280]
V  [jvm.dll+0x3b5c1f]
V  [jvm.dll+0x3b7d31]
C  [jli.dll+0x5207]
C  [ucrtbase.dll+0x21bb2]
C  [KERNEL32.DLL+0x17614]
C  [ntdll.dll+0x526b1]


---------------  P R O C E S S  ---------------

Threads class SMR info:
_java_thread_list=0x000002a32b370810, length=0, elements={
}

Java Threads: ( => current thread )

Other Threads:
  0x000002a32d48e800 GCTaskThread "GC Thread#0" [stack: 0x000000c879a00000,0x000000c879b00000] [id=16612]
  0x000002a32d4ed800 ConcurrentGCThread "G1 Main Marker" [stack: 0x000000c879b00000,0x000000c879c00000] [id=18464]
  0x000002a32d4f0000 ConcurrentGCThread "G1 Conc#0" [stack: 0x000000c879c00000,0x000000c879d00000] [id=18848]

[error occurred during error reporting (printing all threads), id 0xc0000005, EXCEPTION_ACCESS_VIOLATION (0xc0000005) at pc=0x00007ffad585f5f7]

VM state:not at safepoint (not fully initialized)

VM Mutex/Monitor currently owned by a thread:  ([mutex/lock_event])
[0x000002a32d475230] Heap_lock - owner thread: 0x000002a32d478000

Heap address: 0x0000000703a00000, size: 4038 MB, Compressed Oops mode: Non-zero based: 0x0000000703a00000
Narrow klass base: 0x0000000000000000, Narrow klass shift: 0

GC Heap History (0 events):
No events

Deoptimization events (0 events):
No events

Classes redefined (0 events):
No events

Internal exceptions (0 events):
No events

Events (0 events):
No events


Dynamic libraries:
0x00007ff658970000 - 0x00007ff65897f000 	C:\Program Files\Java\jdk-11.0.17\bin\javaw.exe
0x00007ffb26110000 - 0x00007ffb26308000 	C:\Windows\SYSTEM32\ntdll.dll
0x00007ffb24db0000 - 0x00007ffb24e6f000 	C:\Windows\System32\KERNEL32.DLL
0x00007ffb23970000 - 0x00007ffb23c66000 	C:\Windows\System32\KERNELBASE.dll
0x00007ffb23dd0000 - 0x00007ffb23ed0000 	C:\Windows\System32\ucrtbase.dll
0x00007ffb07580000 - 0x00007ffb07598000 	C:\Program Files\Java\jdk-11.0.17\bin\jli.dll
0x00007ffaf5900000 - 0x00007ffaf5915000 	C:\Program Files\Java\jdk-11.0.17\bin\VCRUNTIME140.dll
0x00007ffb24d00000 - 0x00007ffb24daf000 	C:\Windows\System32\ADVAPI32.dll
0x00007ffb24bb0000 - 0x00007ffb24c4e000 	C:\Windows\System32\msvcrt.dll
0x00007ffb24c60000 - 0x00007ffb24cfc000 	C:\Windows\System32\sechost.dll
0x00007ffb24800000 - 0x00007ffb24926000 	C:\Windows\System32\RPCRT4.dll
0x00007ffb24660000 - 0x00007ffb247fd000 	C:\Windows\System32\USER32.dll
0x00007ffb24090000 - 0x00007ffb240b2000 	C:\Windows\System32\win32u.dll
0x00007ffb24170000 - 0x00007ffb2419c000 	C:\Windows\System32\GDI32.dll
0x00007ffb23ed0000 - 0x00007ffb23fe5000 	C:\Windows\System32\gdi32full.dll
0x00007ffb0d3d0000 - 0x00007ffb0d66a000 	C:\Windows\WinSxS\amd64_microsoft.windows.common-controls_6595b64144ccf1df_6.0.19041.1110_none_60b5254171f9507e\COMCTL32.dll
0x00007ffb23ff0000 - 0x00007ffb2408d000 	C:\Windows\System32\msvcp_win.dll
0x00007ffb1d930000 - 0x00007ffb1d93a000 	C:\Windows\SYSTEM32\VERSION.dll
0x00007ffb24630000 - 0x00007ffb24660000 	C:\Windows\System32\IMM32.DLL
0x00007ffad9710000 - 0x00007ffad97ab000 	C:\Program Files\Java\jdk-11.0.17\bin\msvcp140.dll
0x00007ffad5580000 - 0x00007ffad609a000 	C:\Program Files\Java\jdk-11.0.17\bin\server\jvm.dll
0x00007ffb24340000 - 0x00007ffb24348000 	C:\Windows\System32\PSAPI.DLL
0x00007ffb12190000 - 0x00007ffb12199000 	C:\Windows\SYSTEM32\WSOCK32.dll
0x00007ffb11440000 - 0x00007ffb11467000 	C:\Windows\SYSTEM32\WINMM.dll
0x00007ffb25eb0000 - 0x00007ffb25f1b000 	C:\Windows\System32\WS2_32.dll
0x00007ffb21680000 - 0x00007ffb21692000 	C:\Windows\SYSTEM32\kernel.appcore.dll
0x00007ffb12900000 - 0x00007ffb12910000 	C:\Program Files\Java\jdk-11.0.17\bin\verify.dll
0x00007ffb0f2b0000 - 0x00007ffb0f494000 	C:\Windows\SYSTEM32\DBGHELP.DLL
0x00007ffb121e0000 - 0x00007ffb12214000 	C:\Windows\SYSTEM32\dbgcore.DLL
0x00007ffb23860000 - 0x00007ffb238e2000 	C:\Windows\System32\bcryptPrimitives.dll
0x00007ffaf3710000 - 0x00007ffaf3738000 	C:\Program Files\Java\jdk-11.0.17\bin\java.dll
0x00007ffb0c320000 - 0x00007ffb0c32a000 	C:\Program Files\Java\jdk-11.0.17\bin\jimage.dll
0x00007ffaf5580000 - 0x00007ffaf5596000 	C:\Program Files\Java\jdk-11.0.17\bin\zip.dll

dbghelp: loaded successfully - version: 4.0.5 - missing functions: none
symbol engine: initialized successfully - sym options: 0x614 - pdb path: .;C:\Program Files\Java\jdk-11.0.17\bin;C:\Windows\SYSTEM32;C:\Windows\WinSxS\amd64_microsoft.windows.common-controls_6595b64144ccf1df_6.0.19041.1110_none_60b5254171f9507e;C:\Program Files\Java\jdk-11.0.17\bin\server

VM Arguments:
jvm_args: -Dcom.sun.management.jmxremote -Dcom.sun.management.jmxremote.port=65423 -Dcom.sun.management.jmxremote.authenticate=false -Dcom.sun.management.jmxremote.ssl=false -Djava.rmi.server.hostname=localhost -Dspring.jmx.enabled=true -Dspring.liveBeansView.mbeanDomain -Dspring.application.admin.enabled=true -XX:TieredStopAtLevel=1 -Dspring.boot.project.name=Farmers -Dfile.encoding=UTF-8 
java_command: com.yedam.app.FarmersApplication --spring.output.ansi.enabled=always
java_class_path (initial): C:\Users\user\git\Farmers\Farmers\target\classes;C:\Users\user\.m2\repository\org\springframework\boot\spring-boot-starter-data-jdbc\2.7.13\spring-boot-starter-data-jdbc-2.7.13.jar;C:\Users\user\.m2\repository\org\springframework\boot\spring-boot-starter-jdbc\2.7.13\spring-boot-starter-jdbc-2.7.13.jar;C:\Users\user\.m2\repository\com\zaxxer\HikariCP\4.0.3\HikariCP-4.0.3.jar;C:\Users\user\.m2\repository\org\springframework\spring-jdbc\5.3.28\spring-jdbc-5.3.28.jar;C:\Users\user\.m2\repository\org\springframework\data\spring-data-jdbc\2.4.13\spring-data-jdbc-2.4.13.jar;C:\Users\user\.m2\repository\org\springframework\data\spring-data-relational\2.4.13\spring-data-relational-2.4.13.jar;C:\Users\user\.m2\repository\org\springframework\data\spring-data-commons\2.7.13\spring-data-commons-2.7.13.jar;C:\Users\user\.m2\repository\org\springframework\spring-tx\5.3.28\spring-tx-5.3.28.jar;C:\Users\user\.m2\repository\org\springframework\spring-context\5.3.28\spring-context-5.3.28.jar;C:\Users\user\.m2\repository\org\springframework\spring-beans\5.3.28\spring-beans-5.3.28.jar;C:\Users\user\.m2\repository\org\springframework\boot\spring-boot-starter-thymeleaf\2.7.13\spring-boot-starter-thymeleaf-2.7.13.jar;C:\Users\user\.m2\repository\org\springframework\boot\spring-boot-starter\2.7.13\spring-boot-starter-2.7.13.jar;C:\Users\user\.m2\repository\org\springframework\boot\spring-boot-starter-logging\2.7.13\spring-boot-starter-logging-2.7.13.jar;C:\Users\user\.m2\repository\ch\qos\logback\logback-classic\1.2.12\logback-classic-1.2.12.jar;C:\Users\user\.m2\repository\ch\qos\logback\logback-core\1.2.12\logback-core-1.2.12.jar;C:\Users\user\.m2\repository\org\apache\logging\log4j\log4j-to-slf4j\2.17.2\log4j-to-slf4j-2.17.2.jar;C:\Users\user\.m2\repository\org\apache\logging\log4j\log4j-api\2.17.2\log4j-api-2.17.2.jar;C:\Users\user\.m2\repository\org\slf4j\jul-to-slf4j\1.7.36\jul-to-slf4j-1.7.36.jar;C:\Users\user\.m2\repository\jakarta\annotation\jakarta.ann
Launcher Type: SUN_STANDARD

[Global flags]
     intx CICompilerCount                          = 12                                        {product} {ergonomic}
     uint ConcGCThreads                            = 3                                         {product} {ergonomic}
     uint G1ConcRefinementThreads                  = 13                                        {product} {ergonomic}
   size_t G1HeapRegionSize                         = 1048576                                   {product} {ergonomic}
    uintx GCDrainStackTargetSize                   = 64                                        {product} {ergonomic}
   size_t InitialHeapSize                          = 266338304                                 {product} {ergonomic}
     bool ManagementServer                         = true                                      {product} {command line}
   size_t MarkStackSize                            = 4194304                                   {product} {ergonomic}
   size_t MaxHeapSize                              = 4234149888                                {product} {ergonomic}
   size_t MinHeapDeltaBytes                        = 1048576                                   {product} {ergonomic}
    uintx NonNMethodCodeHeapSize                   = 12163472                               {pd product} {ergonomic}
    uintx NonProfiledCodeHeapSize                  = 239494768                              {pd product} {ergonomic}
    uintx ProfiledCodeHeapSize                     = 0                                      {pd product} {ergonomic}
    uintx ReservedCodeCacheSize                    = 251658240                              {pd product} {ergonomic}
     bool SegmentedCodeCache                       = true                                      {product} {ergonomic}
     intx TieredStopAtLevel                        = 1                                         {product} {command line}
     bool UseCompressedClassPointers               = true                                 {lp64_product} {ergonomic}
     bool UseCompressedOops                        = true                                 {lp64_product} {ergonomic}
     bool UseG1GC                                  = true                                      {product} {ergonomic}
     bool UseLargePagesIndividualAllocation        = false                                  {pd product} {ergonomic}

Logging:
Log output configuration:
 #0: stdout all=warning uptime,level,tags
 #1: stderr all=off uptime,level,tags

Environment Variables:
PATH=C:/Program Files/Java/jdk-11.0.17/bin/server;C:/Program Files/Java/jdk-11.0.17/bin;C:\Program Files\Java\jdk-11.0.17\bin;C:\Program Files\Common Files\Oracle\Java\javapath;C:\oraclexe\app\oracle\product\11.2.0\server\bin;C:\Program Files (x86)\Common Files\Oracle\Java\javapath;C:\Windows\system32;C:\Windows;C:\Windows\System32\Wbem;C:\Windows\System32\WindowsPowerShell\v1.0\;C:\Windows\System32\OpenSSH\;C:\Program Files\Bandizip\;C:\Program Files (x86)\PuTTY\;C:\Program Files\Git\cmd;C:\maven\apache-maven-3.9.2bin;C:\Program Files\nodejs\;C:\ProgramData\chocolatey\bin;C:\Program Files\Docker\Docker\resources\bin;C:\Dev\apache-maven-3.9.3\bin;C:\Users\user\AppData\Local\Microsoft\WindowsApps;;C:\Users\user\AppData\Local\Programs\Microsoft VS Code\bin;C:\Users\user\AppData\Roaming\npm;C:\Dev\sts-bundle\sts-3.9.18.RELEASE;
USERNAME=user
OS=Windows_NT
PROCESSOR_IDENTIFIER=Intel64 Family 6 Model 167 Stepping 1, GenuineIntel



---------------  S Y S T E M  ---------------

OS: Windows 10 , 64 bit Build 19041 (10.0.19041.3155)
Hyper-V role detected

CPU:total 16 (initial active 16) (8 cores per cpu, 2 threads per core) family 6 model 167 stepping 1 microcode 0x50, cmov, cx8, fxsr, mmx, sse, sse2, sse3, ssse3, sse4.1, sse4.2, popcnt, avx, avx2, aes, clmul, erms, 3dnowpref, lzcnt, ht, tsc, tscinvbit, bmi1, bmi2, adx, evex, sha, fma

Memory: 4k page, system-wide physical 16149M (986M free)
TotalPageFile size 18197M (AvailPageFile size 134M)
current process WorkingSet (physical memory assigned to process): 10M, peak: 10M
current process commit charge ("private bytes"): 69M, peak: 323M

vm_info: Java HotSpot(TM) 64-Bit Server VM (11.0.17+10-LTS-269) for windows-amd64 JRE (11.0.17+10-LTS-269), built on Sep 13 2022 19:26:37 by "mach5one" with MS VC++ 15.9 (VS2017)

END.
